<?xml version="1.0" encoding="UTF-8"?>
<!-- Generated by org.testng.reporters.JUnitXMLReporter -->
<testsuite ignored="0" hostname="DESKTOP-KL5K9R1" failures="0" tests="2" name="TC_001_CreateRecord2" time="240.187" errors="0" timestamp="2023-02-08T11:20:57 EST">
  <testcase classname="com.automation.Frameworks.TC_001_CreateRecord2" name="createRecord" time="163.637"/>
  <testcase classname="com.automation.Frameworks.TC_001_CreateRecord2" name="createRecord" time="47.798"/>
</testsuite> <!-- TC_001_CreateRecord2 -->
