<?xml version="1.0" encoding="UTF-8"?>
<!-- Generated by org.testng.reporters.JUnitXMLReporter -->
<testsuite ignored="0" hostname="DESKTOP-KL5K9R1" failures="0" tests="2" name="TC_001_CreateRecord4" time="96.339" errors="0" timestamp="2023-02-08T13:56:46 EST">
  <testcase classname="com.automation.Frameworks.TC_001_CreateRecord4" name="createRecord" time="49.157"/>
  <testcase classname="com.automation.Frameworks.TC_001_CreateRecord4" name="createRecord" time="35.728"/>
</testsuite> <!-- TC_001_CreateRecord4 -->
