<?xml version="1.0" encoding="UTF-8"?>
<!-- Generated by org.testng.reporters.JUnitXMLReporter -->
<testsuite ignored="0" hostname="DESKTOP-KL5K9R1" failures="0" tests="6" name="DriverScript" time="17.117" errors="0" timestamp="2023-02-15T06:28:36 EST">
  <testcase classname="com.automation.KeyWordDrivenFramework.DriverScript" name="execute" time="0.859"/>
  <testcase classname="com.automation.KeyWordDrivenFramework.DriverScript" name="execute" time="0.152"/>
  <testcase classname="com.automation.KeyWordDrivenFramework.DriverScript" name="execute" time="0.149"/>
  <testcase classname="com.automation.KeyWordDrivenFramework.DriverScript" name="execute" time="0.106"/>
  <testcase classname="com.automation.KeyWordDrivenFramework.DriverScript" name="execute" time="2.16"/>
  <testcase classname="com.automation.KeyWordDrivenFramework.DriverScript" name="execute" time="1.519"/>
</testsuite> <!-- DriverScript -->
