<?xml version="1.0" encoding="UTF-8"?>
<!-- Generated by org.testng.reporters.JUnitXMLReporter -->
<testsuite ignored="0" hostname="DESKTOP-KL5K9R1" failures="0" tests="6" name="DriverScript_3" time="20.894" errors="0" timestamp="2023-02-15T07:57:17 EST">
  <testcase classname="com.automation.KeyWordDrivenFramework.DriverScript_3" name="execute" time="0.763"/>
  <testcase classname="com.automation.KeyWordDrivenFramework.DriverScript_3" name="execute" time="0.19"/>
  <testcase classname="com.automation.KeyWordDrivenFramework.DriverScript_3" name="execute" time="0.144"/>
  <testcase classname="com.automation.KeyWordDrivenFramework.DriverScript_3" name="execute" time="0.101"/>
  <testcase classname="com.automation.KeyWordDrivenFramework.DriverScript_3" name="execute" time="2.812"/>
  <testcase classname="com.automation.KeyWordDrivenFramework.DriverScript_3" name="execute" time="1.456"/>
</testsuite> <!-- DriverScript_3 -->
