<?xml version="1.0" encoding="UTF-8"?>
<!-- Generated by org.testng.reporters.JUnitXMLReporter -->
<testsuite ignored="0" hostname="DESKTOP-KL5K9R1" failures="0" tests="6" name="DriverScript_2" time="21.602" errors="0" timestamp="2023-02-15T07:02:31 EST">
  <testcase classname="com.automation.KeyWordDrivenFramework.DriverScript_2" name="execute" time="0.844"/>
  <testcase classname="com.automation.KeyWordDrivenFramework.DriverScript_2" name="execute" time="0.142"/>
  <testcase classname="com.automation.KeyWordDrivenFramework.DriverScript_2" name="execute" time="0.145"/>
  <testcase classname="com.automation.KeyWordDrivenFramework.DriverScript_2" name="execute" time="0.098"/>
  <testcase classname="com.automation.KeyWordDrivenFramework.DriverScript_2" name="execute" time="3.967"/>
  <testcase classname="com.automation.KeyWordDrivenFramework.DriverScript_2" name="execute" time="2.583"/>
</testsuite> <!-- DriverScript_2 -->
