<?xml version="1.0" encoding="UTF-8"?>
<!-- Generated by org.testng.reporters.JUnitXMLReporter -->
<testsuite ignored="0" hostname="DESKTOP-KL5K9R1" failures="0" tests="2" name="TC_001_CreateRecord_2" time="68.983" errors="0" timestamp="2023-02-14T13:31:41 EST">
  <testcase classname="com.automation.POM.TC_001_CreateRecord_2" name="createRecord" time="29.939"/>
  <testcase classname="com.automation.POM.TC_001_CreateRecord_2" name="createRecord" time="21.389"/>
</testsuite> <!-- TC_001_CreateRecord_2 -->
