<?xml version="1.0" encoding="UTF-8"?>
<!-- Generated by org.testng.reporters.JUnitXMLReporter -->
<testsuite ignored="0" hostname="DESKTOP-KL5K9R1" failures="0" tests="2" name="TC_001_CreateRecord3" time="266.305" errors="0" timestamp="2023-02-08T12:47:33 EST">
  <testcase classname="com.automation.Frameworks.TC_001_CreateRecord3" name="createRecord" time="190.273"/>
  <testcase classname="com.automation.Frameworks.TC_001_CreateRecord3" name="createRecord" time="28.463"/>
</testsuite> <!-- TC_001_CreateRecord3 -->
