<?xml version="1.0" encoding="UTF-8"?>
<!-- Generated by org.testng.reporters.JUnitXMLReporter -->
<testsuite ignored="0" hostname="DESKTOP-KL5K9R1" failures="0" tests="2" name="WithTestNGCombinedARToCart" time="18.193" errors="0" timestamp="2023-01-19T09:10:23 EST">
  <testcase classname="com.automation.TestNG.WithTestNGCombinedARToCart" name="AddToCart" time="1.322"/>
  <testcase classname="com.automation.TestNG.WithTestNGCombinedARToCart" name="RemoveAddToCart" time="2.106"/>
</testsuite> <!-- WithTestNGCombinedARToCart -->
