<?xml version="1.0" encoding="UTF-8"?>
<!-- Generated by org.testng.reporters.JUnitXMLReporter -->
<testsuite ignored="0" hostname="DESKTOP-KL5K9R1" failures="0" tests="2" name="WithTestNGAddToCart" time="27.327" errors="0" timestamp="2023-01-19T00:51:05 EST">
  <testcase classname="com.automation.TestNG.WithTestNGAddToCart" name="AddToCart" time="17.008"/>
  <testcase classname="com.automation.TestNG.WithTestNGAddToCart" name="AddToCart" time="10.119"/>
</testsuite> <!-- WithTestNGAddToCart -->
